<?xml version="1.0" encoding="UTF-8"?>
<testng-results skipped="0" failed="1" ignored="0" total="15" passed="14">
  <reporter-output>
  </reporter-output>
  <suite name="book-flight-module" duration-ms="32856" started-at="2019-06-03T20:42:40Z" finished-at="2019-06-03T20:43:13Z">
    <groups>
    </groups>
    <test name="book-flight-3" duration-ms="10283" started-at="2019-06-03T20:42:40Z" finished-at="2019-06-03T20:42:51Z">
      <class name="com.newtours.tests.BookFlightTest">
        <test-method status="PASS" signature="setupDriver(org.testng.ITestContext)[pri:0, instance:com.newtours.tests.BookFlightTest@56cbfb61]" name="setupDriver" is-config="true" duration-ms="2721" started-at="2019-06-03T20:42:40Z" finished-at="2019-06-03T20:42:43Z">
          <params>
            <param index="0">
              <value>
                <![CDATA[org.testng.TestRunner@7a0ac6e3]]>
              </value>
            </param>
          </params>
          <reporter-output>
          </reporter-output>
        </test-method> <!-- setupDriver -->
        <test-method status="PASS" signature="setupParameters(java.lang.String, java.lang.String)[pri:0, instance:com.newtours.tests.BookFlightTest@56cbfb61]" name="setupParameters" is-config="true" duration-ms="0" started-at="2019-06-03T20:42:43Z" depends-on-methods="com.tests.BaseTest.setupDriver" finished-at="2019-06-03T20:42:43Z">
          <params>
            <param index="0">
              <value>
                <![CDATA[3]]>
              </value>
            </param>
            <param index="1">
              <value>
                <![CDATA[$1753 USD]]>
              </value>
            </param>
          </params>
          <reporter-output>
          </reporter-output>
        </test-method> <!-- setupParameters -->
        <test-method status="PASS" signature="registrationPageTest()[pri:0, instance:com.newtours.tests.BookFlightTest@56cbfb61]" name="registrationPageTest" duration-ms="2908" started-at="2019-06-03T20:42:43Z" finished-at="2019-06-03T20:42:46Z">
          <reporter-output>
          </reporter-output>
        </test-method> <!-- registrationPageTest -->
        <test-method status="PASS" signature="registrationConfirmationPageTest()[pri:0, instance:com.newtours.tests.BookFlightTest@56cbfb61]" name="registrationConfirmationPageTest" duration-ms="772" started-at="2019-06-03T20:42:46Z" depends-on-methods="com.newtours.tests.BookFlightTest.registrationPageTest" finished-at="2019-06-03T20:42:47Z">
          <reporter-output>
          </reporter-output>
        </test-method> <!-- registrationConfirmationPageTest -->
        <test-method status="PASS" signature="flightDetailsPageTest()[pri:0, instance:com.newtours.tests.BookFlightTest@56cbfb61]" name="flightDetailsPageTest" duration-ms="923" started-at="2019-06-03T20:42:47Z" depends-on-methods="com.newtours.tests.BookFlightTest.registrationConfirmationPageTest" finished-at="2019-06-03T20:42:48Z">
          <reporter-output>
          </reporter-output>
        </test-method> <!-- flightDetailsPageTest -->
        <test-method status="PASS" signature="findFlightPageTest()[pri:0, instance:com.newtours.tests.BookFlightTest@56cbfb61]" name="findFlightPageTest" duration-ms="1799" started-at="2019-06-03T20:42:48Z" depends-on-methods="com.newtours.tests.BookFlightTest.flightDetailsPageTest" finished-at="2019-06-03T20:42:49Z">
          <reporter-output>
          </reporter-output>
        </test-method> <!-- findFlightPageTest -->
        <test-method status="PASS" signature="flightConfirmationPageTest()[pri:0, instance:com.newtours.tests.BookFlightTest@56cbfb61]" name="flightConfirmationPageTest" duration-ms="1069" started-at="2019-06-03T20:42:49Z" depends-on-methods="com.newtours.tests.BookFlightTest.findFlightPageTest" finished-at="2019-06-03T20:42:51Z">
          <reporter-output>
          </reporter-output>
        </test-method> <!-- flightConfirmationPageTest -->
        <test-method status="PASS" signature="quitBrowser()[pri:0, instance:com.newtours.tests.BookFlightTest@56cbfb61]" name="quitBrowser" is-config="true" duration-ms="65" started-at="2019-06-03T20:42:51Z" finished-at="2019-06-03T20:42:51Z">
          <reporter-output>
          </reporter-output>
        </test-method> <!-- quitBrowser -->
      </class> <!-- com.newtours.tests.BookFlightTest -->
    </test> <!-- book-flight-3 -->
    <test name="book-flight-2" duration-ms="24743" started-at="2019-06-03T20:42:40Z" finished-at="2019-06-03T20:43:05Z">
      <class name="com.newtours.tests.BookFlightTest">
        <test-method status="PASS" signature="setupDriver(org.testng.ITestContext)[pri:0, instance:com.newtours.tests.BookFlightTest@35851384]" name="setupDriver" is-config="true" duration-ms="17283" started-at="2019-06-03T20:42:40Z" finished-at="2019-06-03T20:42:58Z">
          <params>
            <param index="0">
              <value>
                <![CDATA[org.testng.TestRunner@71be98f5]]>
              </value>
            </param>
          </params>
          <reporter-output>
          </reporter-output>
        </test-method> <!-- setupDriver -->
        <test-method status="PASS" signature="setupParameters(java.lang.String, java.lang.String)[pri:0, instance:com.newtours.tests.BookFlightTest@35851384]" name="setupParameters" is-config="true" duration-ms="0" started-at="2019-06-03T20:42:58Z" depends-on-methods="com.tests.BaseTest.setupDriver" finished-at="2019-06-03T20:42:58Z">
          <params>
            <param index="0">
              <value>
                <![CDATA[2]]>
              </value>
            </param>
            <param index="1">
              <value>
                <![CDATA[$1169 USD]]>
              </value>
            </param>
          </params>
          <reporter-output>
          </reporter-output>
        </test-method> <!-- setupParameters -->
        <test-method status="PASS" signature="registrationPageTest()[pri:0, instance:com.newtours.tests.BookFlightTest@35851384]" name="registrationPageTest" duration-ms="2779" started-at="2019-06-03T20:42:58Z" finished-at="2019-06-03T20:43:00Z">
          <reporter-output>
          </reporter-output>
        </test-method> <!-- registrationPageTest -->
        <test-method status="PASS" signature="registrationConfirmationPageTest()[pri:0, instance:com.newtours.tests.BookFlightTest@35851384]" name="registrationConfirmationPageTest" duration-ms="744" started-at="2019-06-03T20:43:00Z" depends-on-methods="com.newtours.tests.BookFlightTest.registrationPageTest" finished-at="2019-06-03T20:43:01Z">
          <reporter-output>
          </reporter-output>
        </test-method> <!-- registrationConfirmationPageTest -->
        <test-method status="PASS" signature="flightDetailsPageTest()[pri:0, instance:com.newtours.tests.BookFlightTest@35851384]" name="flightDetailsPageTest" duration-ms="882" started-at="2019-06-03T20:43:01Z" depends-on-methods="com.newtours.tests.BookFlightTest.registrationConfirmationPageTest" finished-at="2019-06-03T20:43:02Z">
          <reporter-output>
          </reporter-output>
        </test-method> <!-- flightDetailsPageTest -->
        <test-method status="PASS" signature="findFlightPageTest()[pri:0, instance:com.newtours.tests.BookFlightTest@35851384]" name="findFlightPageTest" duration-ms="1898" started-at="2019-06-03T20:43:02Z" depends-on-methods="com.newtours.tests.BookFlightTest.flightDetailsPageTest" finished-at="2019-06-03T20:43:04Z">
          <reporter-output>
          </reporter-output>
        </test-method> <!-- findFlightPageTest -->
        <test-method status="PASS" signature="flightConfirmationPageTest()[pri:0, instance:com.newtours.tests.BookFlightTest@35851384]" name="flightConfirmationPageTest" duration-ms="1081" started-at="2019-06-03T20:43:04Z" depends-on-methods="com.newtours.tests.BookFlightTest.findFlightPageTest" finished-at="2019-06-03T20:43:05Z">
          <reporter-output>
          </reporter-output>
        </test-method> <!-- flightConfirmationPageTest -->
        <test-method status="PASS" signature="quitBrowser()[pri:0, instance:com.newtours.tests.BookFlightTest@35851384]" name="quitBrowser" is-config="true" duration-ms="66" started-at="2019-06-03T20:43:05Z" finished-at="2019-06-03T20:43:05Z">
          <reporter-output>
          </reporter-output>
        </test-method> <!-- quitBrowser -->
      </class> <!-- com.newtours.tests.BookFlightTest -->
    </test> <!-- book-flight-2 -->
    <test name="book-flight-4" duration-ms="32855" started-at="2019-06-03T20:42:40Z" finished-at="2019-06-03T20:43:13Z">
      <class name="com.newtours.tests.BookFlightTest">
        <test-method status="PASS" signature="setupDriver(org.testng.ITestContext)[pri:0, instance:com.newtours.tests.BookFlightTest@2752f6e2]" name="setupDriver" is-config="true" duration-ms="25310" started-at="2019-06-03T20:42:40Z" finished-at="2019-06-03T20:43:06Z">
          <params>
            <param index="0">
              <value>
                <![CDATA[org.testng.TestRunner@6fadae5d]]>
              </value>
            </param>
          </params>
          <reporter-output>
          </reporter-output>
        </test-method> <!-- setupDriver -->
        <test-method status="PASS" signature="setupParameters(java.lang.String, java.lang.String)[pri:0, instance:com.newtours.tests.BookFlightTest@2752f6e2]" name="setupParameters" is-config="true" duration-ms="0" started-at="2019-06-03T20:43:06Z" depends-on-methods="com.tests.BaseTest.setupDriver" finished-at="2019-06-03T20:43:06Z">
          <params>
            <param index="0">
              <value>
                <![CDATA[4]]>
              </value>
            </param>
            <param index="1">
              <value>
                <![CDATA[$1793 USD]]>
              </value>
            </param>
          </params>
          <reporter-output>
          </reporter-output>
        </test-method> <!-- setupParameters -->
        <test-method status="PASS" signature="registrationPageTest()[pri:0, instance:com.newtours.tests.BookFlightTest@2752f6e2]" name="registrationPageTest" duration-ms="2816" started-at="2019-06-03T20:43:06Z" finished-at="2019-06-03T20:43:08Z">
          <reporter-output>
          </reporter-output>
        </test-method> <!-- registrationPageTest -->
        <test-method status="PASS" signature="registrationConfirmationPageTest()[pri:0, instance:com.newtours.tests.BookFlightTest@2752f6e2]" name="registrationConfirmationPageTest" duration-ms="787" started-at="2019-06-03T20:43:08Z" depends-on-methods="com.newtours.tests.BookFlightTest.registrationPageTest" finished-at="2019-06-03T20:43:09Z">
          <reporter-output>
          </reporter-output>
        </test-method> <!-- registrationConfirmationPageTest -->
        <test-method status="PASS" signature="flightDetailsPageTest()[pri:0, instance:com.newtours.tests.BookFlightTest@2752f6e2]" name="flightDetailsPageTest" duration-ms="857" started-at="2019-06-03T20:43:09Z" depends-on-methods="com.newtours.tests.BookFlightTest.registrationConfirmationPageTest" finished-at="2019-06-03T20:43:10Z">
          <reporter-output>
          </reporter-output>
        </test-method> <!-- flightDetailsPageTest -->
        <test-method status="PASS" signature="findFlightPageTest()[pri:0, instance:com.newtours.tests.BookFlightTest@2752f6e2]" name="findFlightPageTest" duration-ms="1934" started-at="2019-06-03T20:43:10Z" depends-on-methods="com.newtours.tests.BookFlightTest.flightDetailsPageTest" finished-at="2019-06-03T20:43:12Z">
          <reporter-output>
          </reporter-output>
        </test-method> <!-- findFlightPageTest -->
        <test-method status="FAIL" signature="flightConfirmationPageTest()[pri:0, instance:com.newtours.tests.BookFlightTest@2752f6e2]" name="flightConfirmationPageTest" duration-ms="1081" started-at="2019-06-03T20:43:12Z" depends-on-methods="com.newtours.tests.BookFlightTest.findFlightPageTest" finished-at="2019-06-03T20:43:13Z">
          <exception class="java.lang.AssertionError">
            <message>
              <![CDATA[expected [$1793 USD] but found [$2338 USD]]]>
            </message>
            <full-stacktrace>
              <![CDATA[java.lang.AssertionError: expected [$1793 USD] but found [$2338 USD]
at org.testng.Assert.fail(Assert.java:96)
at org.testng.Assert.failNotEquals(Assert.java:776)
at org.testng.Assert.assertEqualsImpl(Assert.java:137)
at org.testng.Assert.assertEquals(Assert.java:118)
at org.testng.Assert.assertEquals(Assert.java:453)
at org.testng.Assert.assertEquals(Assert.java:463)
at com.newtours.tests.BookFlightTest.flightConfirmationPageTest(BookFlightTest.java:61)
at sun.reflect.NativeMethodAccessorImpl.invoke0(Native Method)
at sun.reflect.NativeMethodAccessorImpl.invoke(NativeMethodAccessorImpl.java:62)
at sun.reflect.DelegatingMethodAccessorImpl.invoke(DelegatingMethodAccessorImpl.java:43)
at java.lang.reflect.Method.invoke(Method.java:498)
at org.testng.internal.MethodInvocationHelper.invokeMethod(MethodInvocationHelper.java:124)
at org.testng.internal.Invoker.invokeMethod(Invoker.java:583)
at org.testng.internal.Invoker.invokeTestMethod(Invoker.java:719)
at org.testng.internal.Invoker.invokeTestMethods(Invoker.java:989)
at org.testng.internal.TestMethodWorker.invokeTestMethods(TestMethodWorker.java:125)
at org.testng.internal.TestMethodWorker.run(TestMethodWorker.java:109)
at org.testng.TestRunner.privateRun(TestRunner.java:648)
at org.testng.TestRunner.run(TestRunner.java:505)
at org.testng.SuiteRunner.runTest(SuiteRunner.java:455)
at org.testng.SuiteRunner.access$000(SuiteRunner.java:40)
at org.testng.SuiteRunner$SuiteWorker.run(SuiteRunner.java:489)
at org.testng.internal.thread.ThreadUtil$1.call(ThreadUtil.java:52)
at java.util.concurrent.FutureTask.run(FutureTask.java:266)
at java.util.concurrent.ThreadPoolExecutor.runWorker(ThreadPoolExecutor.java:1149)
at java.util.concurrent.ThreadPoolExecutor$Worker.run(ThreadPoolExecutor.java:624)
at java.lang.Thread.run(Thread.java:748)
]]>
            </full-stacktrace>
          </exception> <!-- java.lang.AssertionError -->
          <reporter-output>
          </reporter-output>
        </test-method> <!-- flightConfirmationPageTest -->
        <test-method status="PASS" signature="quitBrowser()[pri:0, instance:com.newtours.tests.BookFlightTest@2752f6e2]" name="quitBrowser" is-config="true" duration-ms="66" started-at="2019-06-03T20:43:13Z" finished-at="2019-06-03T20:43:13Z">
          <reporter-output>
          </reporter-output>
        </test-method> <!-- quitBrowser -->
      </class> <!-- com.newtours.tests.BookFlightTest -->
    </test> <!-- book-flight-4 -->
  </suite> <!-- book-flight-module -->
</testng-results>
